
Compute polled data
    End of buffer not reached : number of resting char = 27
    New polled data structure found at index 0
        Status polled data found in buffer
Polled data sent

Compute polled data
    End of buffer not reached : number of resting char = 244
    New polled data structure found at index 0
        IMU polled data found in buffer
    End of buffer not reached : number of resting char = 141
    New polled data structure found at index 103
        RC polled data found in buffer
    End of buffer not reached : number of resting char = 96
    New polled data structure found at index 150
        Current way polled data found in buffer
    End of buffer not reached : number of resting char = 71
    New polled data structure found at index 173
        Geolocation polled data found in buffer
Polled data sent

Compute polled data
    End of buffer not reached : number of resting char = 269
    New polled data structure found at index 0
        Status polled data found in buffer
    End of buffer not reached : number of resting char = 242
    New polled data structure found at index 27
        IMU polled data found in buffer
    End of buffer not reached : number of resting char = 139
    New polled data structure found at index 130
        RC polled data found in buffer
    End of buffer not reached : number of resting char = 94
    New polled data structure found at index 177
        Current way polled data found in buffer
    End of buffer not reached : number of resting char = 69
    New polled data structure found at index 200
        Geolocation polled data found in buffer
Polled data sent

Compute polled data
    End of buffer not reached : number of resting char = 269
    New polled data structure found at index 0
        Status polled data found in buffer
    End of buffer not reached : number of resting char = 242
    New polled data structure found at index 27
        IMU polled data found in buffer
    End of buffer not reached : number of resting char = 139
    New polled data structure found at index 130
        RC polled data found in buffer
    End of buffer not reached : number of resting char = 94
    New polled data structure found at index 177
        Current way polled data found in buffer
    End of buffer not reached : number of resting char = 69
    New polled data structure found at index 200
        Geolocation polled data found in buffer
Polled data sent

Compute polled data
    End of buffer not reached : number of resting char = 269
    New polled data structure found at index 0
        Status polled data found in buffer
    End of buffer not reached : number of resting char = 242
    New polled data structure found at index 27
        IMU polled data found in buffer
    End of buffer not reached : number of resting char = 139
    New polled data structure found at index 130
        RC polled data found in buffer
    End of buffer not reached : number of resting char = 94
    New polled data structure found at index 177
        Current way polled data found in buffer
    End of buffer not reached : number of resting char = 69
    New polled data structure found at index 200
        Geolocation polled data found in buffer
Polled data sent

Compute polled data
    End of buffer not reached : number of resting char = 269
    New polled data structure found at index 0
        Status polled data found in buffer
    End of buffer not reached : number of resting char = 242
    New polled data structure found at index 27
        IMU polled data found in buffer
    End of buffer not reached : number of resting char = 139
    New polled data structure found at index 130
        RC polled data found in buffer
    End of buffer not reached : number of resting char = 94
    New polled data structure found at index 176
        Current way polled data found in buffer
    End of buffer not reached : number of resting char = 70
    New polled data structure found at index 199
        Geolocation polled data found in buffer
Polled data sent

Compute polled data
    End of buffer not reached : number of resting char = 269
    New polled data structure found at index 0
        Status polled data found in buffer
    End of buffer not reached : number of resting char = 242
    New polled data structure found at index 27
        IMU polled data found in buffer
    End of buffer not reached : number of resting char = 139
    New polled data structure found at index 130
        RC polled data found in buffer
    End of buffer not reached : number of resting char = 94
    New polled data structure found at index 177
        Current way polled data found in buffer
    End of buffer not reached : number of resting char = 69
    New polled data structure found at index 200
        Geolocation polled data found in buffer
Polled data sent

Compute polled data
    End of buffer not reached : number of resting char = 269
    New polled data structure found at index 0
        Status polled data found in buffer
    End of buffer not reached : number of resting char = 242
    New polled data structure found at index 27
        IMU polled data found in buffer
    End of buffer not reached : number of resting char = 139
    New polled data structure found at index 130
        RC polled data found in buffer
    End of buffer not reached : number of resting char = 94
    New polled data structure found at index 177
        Current way polled data found in buffer
    End of buffer not reached : number of resting char = 69
    New polled data structure found at index 200
        Geolocation polled data found in buffer
Polled data sent

Compute polled data
    End of buffer not reached : number of resting char = 269
    New polled data structure found at index 0
        Status polled data found in buffer
    End of buffer not reached : number of resting char = 242
    New polled data structure found at index 27
        IMU polled data found in buffer
    End of buffer not reached : number of resting char = 139
    New polled data structure found at index 130
        RC polled data found in buffer
    End of buffer not reached : number of resting char = 94
    New polled data structure found at index 177
        Current way polled data found in buffer
    End of buffer not reached : number of resting char = 69
    New polled data structure found at index 200
        Geolocation polled data found in buffer
Polled data sent

Compute polled data
    End of buffer not reached : number of resting char = 269
    New polled data structure found at index 0
        Status polled data found in buffer
    End of buffer not reached : number of resting char = 242
    New polled data structure found at index 27
        IMU polled data found in buffer
    End of buffer not reached : number of resting char = 139
    New polled data structure found at index 130
        RC polled data found in buffer
    End of buffer not reached : number of resting char = 94
    New polled data structure found at index 177
        Current way polled data found in buffer
    End of buffer not reached : number of resting char = 69
    New polled data structure found at index 200
        Geolocation polled data found in buffer
Polled data sent

Compute polled data
    End of buffer not reached : number of resting char = 269
    New polled data structure found at index 0
        Status polled data found in buffer
    End of buffer not reached : number of resting char = 242
    New polled data structure found at index 27
        IMU polled data found in buffer
    End of buffer not reached : number of resting char = 139
    New polled data structure found at index 130
        RC polled data found in buffer
    End of buffer not reached : number of resting char = 94
    New polled data structure found at index 177
        Current way polled data found in buffer
    End of buffer not reached : number of resting char = 69
    New polled data structure found at index 200
        Geolocation polled data found in buffer
Polled data sent

Compute polled data
    End of buffer not reached : number of resting char = 269
    New polled data structure found at index 0
        Status polled data found in buffer
    End of buffer not reached : number of resting char = 242
    New polled data structure found at index 27
        IMU polled data found in buffer
    End of buffer not reached : number of resting char = 139
    New polled data structure found at index 130
        RC polled data found in buffer
    End of buffer not reached : number of resting char = 94
    New polled data structure found at index 177
        Current way polled data found in buffer
    End of buffer not reached : number of resting char = 69
    New polled data structure found at index 200
        Geolocation polled data found in buffer
Polled data sent

Compute polled data
    End of buffer not reached : number of resting char = 269
    New polled data structure found at index 0
        Status polled data found in buffer
    End of buffer not reached : number of resting char = 242
    New polled data structure found at index 27
        IMU polled data found in buffer
    End of buffer not reached : number of resting char = 139
    New polled data structure found at index 130
        RC polled data found in buffer
    End of buffer not reached : number of resting char = 94
    New polled data structure found at index 177
        Current way polled data found in buffer
    End of buffer not reached : number of resting char = 69
    New polled data structure found at index 200
        Geolocation polled data found in buffer
Polled data sent

Compute polled data
    End of buffer not reached : number of resting char = 269
    New polled data structure found at index 0
        Status polled data found in buffer
    End of buffer not reached : number of resting char = 242
    New polled data structure found at index 27
        IMU polled data found in buffer
    End of buffer not reached : number of resting char = 139
    New polled data structure found at index 130
        RC polled data found in buffer
    End of buffer not reached : number of resting char = 94
    New polled data structure found at index 177
        Current way polled data found in buffer
    End of buffer not reached : number of resting char = 69
    New polled data structure found at index 200
        Geolocation polled data found in buffer
Polled data sent

Compute polled data
    End of buffer not reached : number of resting char = 269
    New polled data structure found at index 0
        Status polled data found in buffer
    End of buffer not reached : number of resting char = 242
    New polled data structure found at index 27
        IMU polled data found in buffer
    End of buffer not reached : number of resting char = 139
    New polled data structure found at index 130
        RC polled data found in buffer
    End of buffer not reached : number of resting char = 94
    New polled data structure found at index 177
        Current way polled data found in buffer
    End of buffer not reached : number of resting char = 69
    New polled data structure found at index 200
        Geolocation polled data found in buffer
Polled data sent

Compute polled data
    End of buffer not reached : number of resting char = 269
    New polled data structure found at index 0
        Status polled data found in buffer
    End of buffer not reached : number of resting char = 242
    New polled data structure found at index 27
        IMU polled data found in buffer
    End of buffer not reached : number of resting char = 139
    New polled data structure found at index 130
        RC polled data found in buffer
    End of buffer not reached : number of resting char = 94
    New polled data structure found at index 177
        Current way polled data found in buffer
    End of buffer not reached : number of resting char = 69
    New polled data structure found at index 200
        Geolocation polled data found in buffer
Polled data sent

Compute polled data
    End of buffer not reached : number of resting char = 269
    New polled data structure found at index 0
        Status polled data found in buffer
    End of buffer not reached : number of resting char = 242
    New polled data structure found at index 27
        IMU polled data found in buffer
    End of buffer not reached : number of resting char = 139
    New polled data structure found at index 130
        RC polled data found in buffer
    End of buffer not reached : number of resting char = 94
    New polled data structure found at index 177
        Current way polled data found in buffer
    End of buffer not reached : number of resting char = 69
    New polled data structure found at index 200
        Geolocation polled data found in buffer
Polled data sent

Compute polled data
    End of buffer not reached : number of resting char = 269
    New polled data structure found at index 0
        Status polled data found in buffer
    End of buffer not reached : number of resting char = 242
    New polled data structure found at index 27
        IMU polled data found in buffer
    End of buffer not reached : number of resting char = 139
    New polled data structure found at index 130
        RC polled data found in buffer
    End of buffer not reached : number of resting char = 94
    New polled data structure found at index 177
        Current way polled data found in buffer
    End of buffer not reached : number of resting char = 69
    New polled data structure found at index 200
        Geolocation polled data found in buffer
Polled data sent

Compute polled data
    End of buffer not reached : number of resting char = 269
    New polled data structure found at index 0
        Status polled data found in buffer
    End of buffer not reached : number of resting char = 242
    New polled data structure found at index 27
        IMU polled data found in buffer
    End of buffer not reached : number of resting char = 139
    New polled data structure found at index 130
        RC polled data found in buffer
    End of buffer not reached : number of resting char = 94
    New polled data structure found at index 177
        Current way polled data found in buffer
    End of buffer not reached : number of resting char = 69
    New polled data structure found at index 200
        Geolocation polled data found in buffer
Polled data sent

Compute polled data
    End of buffer not reached : number of resting char = 269
    New polled data structure found at index 0
        Status polled data found in buffer
    End of buffer not reached : number of resting char = 242
    New polled data structure found at index 27
        IMU polled data found in buffer
    End of buffer not reached : number of resting char = 139
    New polled data structure found at index 130
        RC polled data found in buffer
    End of buffer not reached : number of resting char = 94
    New polled data structure found at index 177
        Current way polled data found in buffer
    End of buffer not reached : number of resting char = 69
    New polled data structure found at index 200
        Geolocation polled data found in buffer
Polled data sent

Compute polled data
    End of buffer not reached : number of resting char = 269
    New polled data structure found at index 0
        Status polled data found in buffer
    End of buffer not reached : number of resting char = 242
    New polled data structure found at index 27
        IMU polled data found in buffer
    End of buffer not reached : number of resting char = 139
    New polled data structure found at index 130
        RC polled data found in buffer
    End of buffer not reached : number of resting char = 94
    New polled data structure found at index 177
        Current way polled data found in buffer
    End of buffer not reached : number of resting char = 69
    New polled data structure found at index 200
        Geolocation polled data found in buffer
Polled data sent

Compute polled data
    End of buffer not reached : number of resting char = 27
    New polled data structure found at index 0
        Status polled data found in buffer
Polled data sent

Compute polled data
    End of buffer not reached : number of resting char = 269
    New polled data structure found at index 0
        IMU polled data found in buffer
    End of buffer not reached : number of resting char = 166
    New polled data structure found at index 103
        RC polled data found in buffer
    End of buffer not reached : number of resting char = 121
    New polled data structure found at index 150
        Current way polled data found in buffer
    End of buffer not reached : number of resting char = 96
    New polled data structure found at index 173
        Geolocation polled data found in buffer
    End of buffer not reached : number of resting char = 25
    New polled data structure found at index 244
        Status polled data found in buffer
Polled data sent

Compute polled data
    End of buffer not reached : number of resting char = 269
    New polled data structure found at index 0
        Status polled data found in buffer
    End of buffer not reached : number of resting char = 242
    New polled data structure found at index 27
        IMU polled data found in buffer
    End of buffer not reached : number of resting char = 139
    New polled data structure found at index 130
        RC polled data found in buffer
    End of buffer not reached : number of resting char = 94
    New polled data structure found at index 177
        Current way polled data found in buffer
    End of buffer not reached : number of resting char = 69
    New polled data structure found at index 200
        Geolocation polled data found in buffer
Polled data sent

Compute polled data
    End of buffer not reached : number of resting char = 269
    New polled data structure found at index 0
        Status polled data found in buffer
    End of buffer not reached : number of resting char = 242
    New polled data structure found at index 27
        IMU polled data found in buffer
    End of buffer not reached : number of resting char = 139
    New polled data structure found at index 130
        RC polled data found in buffer
    End of buffer not reached : number of resting char = 94
    New polled data structure found at index 177
        Current way polled data found in buffer
    End of buffer not reached : number of resting char = 69
    New polled data structure found at index 200
        Geolocation polled data found in buffer
Polled data sent

Compute polled data
    End of buffer not reached : number of resting char = 269
    New polled data structure found at index 0
        Status polled data found in buffer
    End of buffer not reached : number of resting char = 242
    New polled data structure found at index 27
        IMU polled data found in buffer
    End of buffer not reached : number of resting char = 139
    New polled data structure found at index 130
        RC polled data found in buffer
    End of buffer not reached : number of resting char = 94
    New polled data structure found at index 177
        Current way polled data found in buffer
    End of buffer not reached : number of resting char = 69
    New polled data structure found at index 200
        Geolocation polled data found in buffer
Polled data sent

Compute polled data
    End of buffer not reached : number of resting char = 269
    New polled data structure found at index 0
        Status polled data found in buffer
    End of buffer not reached : number of resting char = 242
    New polled data structure found at index 27
        IMU polled data found in buffer
    End of buffer not reached : number of resting char = 139
    New polled data structure found at index 130
        RC polled data found in buffer
    End of buffer not reached : number of resting char = 94
    New polled data structure found at index 177
        Current way polled data found in buffer
    End of buffer not reached : number of resting char = 69
    New polled data structure found at index 200
        Geolocation polled data found in buffer
Polled data sent

Compute polled data
    End of buffer not reached : number of resting char = 269
    New polled data structure found at index 0
        Status polled data found in buffer
    End of buffer not reached : number of resting char = 242
    New polled data structure found at index 27
        IMU polled data found in buffer
    End of buffer not reached : number of resting char = 139
    New polled data structure found at index 130
        RC polled data found in buffer
    End of buffer not reached : number of resting char = 94
    New polled data structure found at index 177
        Current way polled data found in buffer
    End of buffer not reached : number of resting char = 69
    New polled data structure found at index 200
        Geolocation polled data found in buffer
Polled data sent

Compute polled data
    End of buffer not reached : number of resting char = 269
    New polled data structure found at index 0
        Status polled data found in buffer
    End of buffer not reached : number of resting char = 242
    New polled data structure found at index 27
        IMU polled data found in buffer
    End of buffer not reached : number of resting char = 139
    New polled data structure found at index 130
        RC polled data found in buffer
    End of buffer not reached : number of resting char = 94
    New polled data structure found at index 177
        Current way polled data found in buffer
    End of buffer not reached : number of resting char = 69
    New polled data structure found at index 200
        Geolocation polled data found in buffer
Polled data sent

Compute polled data
    End of buffer not reached : number of resting char = 269
    New polled data structure found at index 0
        Status polled data found in buffer
    End of buffer not reached : number of resting char = 242
    New polled data structure found at index 27
        IMU polled data found in buffer
    End of buffer not reached : number of resting char = 139
    New polled data structure found at index 130
        RC polled data found in buffer
    End of buffer not reached : number of resting char = 94
    New polled data structure found at index 177
        Current way polled data found in buffer
    End of buffer not reached : number of resting char = 69
    New polled data structure found at index 200
        Geolocation polled data found in buffer
Polled data sent

Compute polled data
    End of buffer not reached : number of resting char = 269
    New polled data structure found at index 0
        Status polled data found in buffer
    End of buffer not reached : number of resting char = 242
    New polled data structure found at index 27
        IMU polled data found in buffer
    End of buffer not reached : number of resting char = 139
    New polled data structure found at index 130
        RC polled data found in buffer
    End of buffer not reached : number of resting char = 94
    New polled data structure found at index 177
        Current way polled data found in buffer
    End of buffer not reached : number of resting char = 69
    New polled data structure found at index 200
        Geolocation polled data found in buffer
Polled data sent

Compute polled data
    End of buffer not reached : number of resting char = 269
    New polled data structure found at index 0
        Status polled data found in buffer
    End of buffer not reached : number of resting char = 242
    New polled data structure found at index 27
        IMU polled data found in buffer
    End of buffer not reached : number of resting char = 139
    New polled data structure found at index 130
        RC polled data found in buffer
    End of buffer not reached : number of resting char = 94
    New polled data structure found at index 177
        Current way polled data found in buffer
    End of buffer not reached : number of resting char = 69
    New polled data structure found at index 200
        Geolocation polled data found in buffer
Polled data sent

Compute polled data
    End of buffer not reached : number of resting char = 269
    New polled data structure found at index 0
        Status polled data found in buffer
    End of buffer not reached : number of resting char = 242
    New polled data structure found at index 27
        IMU polled data found in buffer
    End of buffer not reached : number of resting char = 139
    New polled data structure found at index 130
        RC polled data found in buffer
    End of buffer not reached : number of resting char = 94
    New polled data structure found at index 177
        Current way polled data found in buffer
    End of buffer not reached : number of resting char = 69
    New polled data structure found at index 200
        Geolocation polled data found in buffer
Polled data sent

Compute polled data
    End of buffer not reached : number of resting char = 27
    New polled data structure found at index 0
        Status polled data found in buffer
Polled data sent

Compute polled data
    End of buffer not reached : number of resting char = 244
    New polled data structure found at index 0
        IMU polled data found in buffer
    End of buffer not reached : number of resting char = 141
    New polled data structure found at index 103
        RC polled data found in buffer
    End of buffer not reached : number of resting char = 96
    New polled data structure found at index 150
        Current way polled data found in buffer
    End of buffer not reached : number of resting char = 71
    New polled data structure found at index 173
        Geolocation polled data found in buffer
Polled data sent

Compute polled data
    End of buffer not reached : number of resting char = 269
    New polled data structure found at index 0
        Status polled data found in buffer
    End of buffer not reached : number of resting char = 242
    New polled data structure found at index 27
        IMU polled data found in buffer
    End of buffer not reached : number of resting char = 139
    New polled data structure found at index 130
        RC polled data found in buffer
    End of buffer not reached : number of resting char = 94
    New polled data structure found at index 177
        Current way polled data found in buffer
    End of buffer not reached : number of resting char = 69
    New polled data structure found at index 200
        Geolocation polled data found in buffer
Polled data sent

Compute polled data
    End of buffer not reached : number of resting char = 269
    New polled data structure found at index 0
        Status polled data found in buffer
    End of buffer not reached : number of resting char = 242
    New polled data structure found at index 27
        IMU polled data found in buffer
    End of buffer not reached : number of resting char = 139
    New polled data structure found at index 130
        RC polled data found in buffer
    End of buffer not reached : number of resting char = 94
    New polled data structure found at index 177
        Current way polled data found in buffer
    End of buffer not reached : number of resting char = 69
    New polled data structure found at index 200
        Geolocation polled data found in buffer
Polled data sent
