
Compute polled data
    End of buffer not reached : number of resting char = 15
    New polled data structure found at index 0
        Status polled data found in buffer
        ERROR : Incomplete structure
    End of buffer not reached : number of resting char = 4
Polled data sent

Compute polled data
    End of buffer not reached : number of resting char = 256
    New polled data structure found at index 12
        IMU polled data found in buffer
    End of buffer not reached : number of resting char = 141
    New polled data structure found at index 115
        RC polled data found in buffer
    End of buffer not reached : number of resting char = 96
    New polled data structure found at index 162
        Current way polled data found in buffer
    End of buffer not reached : number of resting char = 71
    New polled data structure found at index 185
        Geolocation polled data found in buffer
Polled data sent

Compute polled data
    End of buffer not reached : number of resting char = 269
    New polled data structure found at index 0
        Status polled data found in buffer
    End of buffer not reached : number of resting char = 242
    New polled data structure found at index 27
        IMU polled data found in buffer
    End of buffer not reached : number of resting char = 139
    New polled data structure found at index 130
        RC polled data found in buffer
    End of buffer not reached : number of resting char = 94
    New polled data structure found at index 177
        Current way polled data found in buffer
    End of buffer not reached : number of resting char = 69
    New polled data structure found at index 200
        Geolocation polled data found in buffer
Polled data sent

Compute polled data
    End of buffer not reached : number of resting char = 269
    New polled data structure found at index 0
        Status polled data found in buffer
    End of buffer not reached : number of resting char = 242
    New polled data structure found at index 27
        IMU polled data found in buffer
    End of buffer not reached : number of resting char = 139
    New polled data structure found at index 130
        RC polled data found in buffer
    End of buffer not reached : number of resting char = 94
    New polled data structure found at index 177
        Current way polled data found in buffer
    End of buffer not reached : number of resting char = 69
    New polled data structure found at index 200
        Geolocation polled data found in buffer
Polled data sent

Compute polled data
    End of buffer not reached : number of resting char = 269
    New polled data structure found at index 0
        Status polled data found in buffer
    End of buffer not reached : number of resting char = 242
    New polled data structure found at index 27
        IMU polled data found in buffer
    End of buffer not reached : number of resting char = 139
    New polled data structure found at index 130
        RC polled data found in buffer
    End of buffer not reached : number of resting char = 94
    New polled data structure found at index 177
        Current way polled data found in buffer
    End of buffer not reached : number of resting char = 69
    New polled data structure found at index 200
        Geolocation polled data found in buffer
Polled data sent

Compute polled data
    End of buffer not reached : number of resting char = 269
    New polled data structure found at index 0
        Status polled data found in buffer
    End of buffer not reached : number of resting char = 242
    New polled data structure found at index 27
        IMU polled data found in buffer
    End of buffer not reached : number of resting char = 139
    New polled data structure found at index 130
        RC polled data found in buffer
    End of buffer not reached : number of resting char = 94
    New polled data structure found at index 177
        Current way polled data found in buffer
    End of buffer not reached : number of resting char = 69
    New polled data structure found at index 200
        Geolocation polled data found in buffer
Polled data sent

Compute polled data
    End of buffer not reached : number of resting char = 269
    New polled data structure found at index 0
        Status polled data found in buffer
    End of buffer not reached : number of resting char = 242
    New polled data structure found at index 27
        IMU polled data found in buffer
    End of buffer not reached : number of resting char = 139
    New polled data structure found at index 130
        RC polled data found in buffer
    End of buffer not reached : number of resting char = 94
    New polled data structure found at index 177
        Current way polled data found in buffer
    End of buffer not reached : number of resting char = 69
    New polled data structure found at index 200
        Geolocation polled data found in buffer
Polled data sent

Compute polled data
    End of buffer not reached : number of resting char = 27
    New polled data structure found at index 0
        Status polled data found in buffer
Polled data sent

Compute polled data
    End of buffer not reached : number of resting char = 269
    New polled data structure found at index 0
        IMU polled data found in buffer
    End of buffer not reached : number of resting char = 166
    New polled data structure found at index 103
        RC polled data found in buffer
    End of buffer not reached : number of resting char = 121
    New polled data structure found at index 150
        Current way polled data found in buffer
    End of buffer not reached : number of resting char = 96
    New polled data structure found at index 173
        Geolocation polled data found in buffer
    End of buffer not reached : number of resting char = 25
    New polled data structure found at index 244
        Status polled data found in buffer
Polled data sent

Compute polled data
    End of buffer not reached : number of resting char = 269
    New polled data structure found at index 0
        Status polled data found in buffer
    End of buffer not reached : number of resting char = 242
    New polled data structure found at index 27
        IMU polled data found in buffer
    End of buffer not reached : number of resting char = 139
    New polled data structure found at index 130
        RC polled data found in buffer
    End of buffer not reached : number of resting char = 94
    New polled data structure found at index 177
        Current way polled data found in buffer
    End of buffer not reached : number of resting char = 69
    New polled data structure found at index 200
        Geolocation polled data found in buffer
Polled data sent

Compute polled data
    End of buffer not reached : number of resting char = 269
    New polled data structure found at index 0
        Status polled data found in buffer
    End of buffer not reached : number of resting char = 242
    New polled data structure found at index 27
        IMU polled data found in buffer
    End of buffer not reached : number of resting char = 139
    New polled data structure found at index 130
        RC polled data found in buffer
    End of buffer not reached : number of resting char = 94
    New polled data structure found at index 177
        Current way polled data found in buffer
    End of buffer not reached : number of resting char = 69
    New polled data structure found at index 200
        Geolocation polled data found in buffer
Polled data sent

Compute polled data
    End of buffer not reached : number of resting char = 269
    New polled data structure found at index 0
        Status polled data found in buffer
    End of buffer not reached : number of resting char = 242
    New polled data structure found at index 27
        IMU polled data found in buffer
    End of buffer not reached : number of resting char = 139
    New polled data structure found at index 130
        RC polled data found in buffer
    End of buffer not reached : number of resting char = 94
    New polled data structure found at index 177
        Current way polled data found in buffer
    End of buffer not reached : number of resting char = 69
    New polled data structure found at index 200
        Geolocation polled data found in buffer
Polled data sent

Compute polled data
    End of buffer not reached : number of resting char = 269
    New polled data structure found at index 0
        Status polled data found in buffer
    End of buffer not reached : number of resting char = 242
    New polled data structure found at index 27
        IMU polled data found in buffer
    End of buffer not reached : number of resting char = 139
    New polled data structure found at index 130
        RC polled data found in buffer
    End of buffer not reached : number of resting char = 94
    New polled data structure found at index 177
        Current way polled data found in buffer
    End of buffer not reached : number of resting char = 69
    New polled data structure found at index 200
        Geolocation polled data found in buffer
Polled data sent

Compute polled data
    End of buffer not reached : number of resting char = 269
    New polled data structure found at index 0
        Status polled data found in buffer
    End of buffer not reached : number of resting char = 242
    New polled data structure found at index 27
        IMU polled data found in buffer
    End of buffer not reached : number of resting char = 139
    New polled data structure found at index 130
        RC polled data found in buffer
    End of buffer not reached : number of resting char = 94
    New polled data structure found at index 177
        Current way polled data found in buffer
    End of buffer not reached : number of resting char = 69
    New polled data structure found at index 200
        Geolocation polled data found in buffer
Polled data sent

Compute polled data
    End of buffer not reached : number of resting char = 269
    New polled data structure found at index 0
        Status polled data found in buffer
    End of buffer not reached : number of resting char = 242
    New polled data structure found at index 27
        IMU polled data found in buffer
    End of buffer not reached : number of resting char = 139
    New polled data structure found at index 130
        RC polled data found in buffer
    End of buffer not reached : number of resting char = 94
    New polled data structure found at index 177
        Current way polled data found in buffer
    End of buffer not reached : number of resting char = 69
    New polled data structure found at index 200
        Geolocation polled data found in buffer
Polled data sent

Compute polled data
    End of buffer not reached : number of resting char = 269
    New polled data structure found at index 0
        Status polled data found in buffer
    End of buffer not reached : number of resting char = 242
    New polled data structure found at index 27
        IMU polled data found in buffer
    End of buffer not reached : number of resting char = 139
    New polled data structure found at index 130
        RC polled data found in buffer
    End of buffer not reached : number of resting char = 94
    New polled data structure found at index 177
        Current way polled data found in buffer
    End of buffer not reached : number of resting char = 69
    New polled data structure found at index 200
        Geolocation polled data found in buffer
Polled data sent

Compute polled data
    End of buffer not reached : number of resting char = 269
    New polled data structure found at index 0
        Status polled data found in buffer
    End of buffer not reached : number of resting char = 242
    New polled data structure found at index 27
        IMU polled data found in buffer
    End of buffer not reached : number of resting char = 139
    New polled data structure found at index 130
        RC polled data found in buffer
    End of buffer not reached : number of resting char = 94
    New polled data structure found at index 177
        Current way polled data found in buffer
    End of buffer not reached : number of resting char = 69
    New polled data structure found at index 200
        Geolocation polled data found in buffer
Polled data sent

Compute polled data
    End of buffer not reached : number of resting char = 269
    New polled data structure found at index 0
        Status polled data found in buffer
    End of buffer not reached : number of resting char = 242
    New polled data structure found at index 27
        IMU polled data found in buffer
    End of buffer not reached : number of resting char = 139
    New polled data structure found at index 130
        RC polled data found in buffer
    End of buffer not reached : number of resting char = 94
    New polled data structure found at index 177
        Current way polled data found in buffer
    End of buffer not reached : number of resting char = 69
    New polled data structure found at index 200
        Geolocation polled data found in buffer
Polled data sent

Compute polled data
    End of buffer not reached : number of resting char = 269
    New polled data structure found at index 0
        Status polled data found in buffer
    End of buffer not reached : number of resting char = 242
    New polled data structure found at index 27
        IMU polled data found in buffer
    End of buffer not reached : number of resting char = 139
    New polled data structure found at index 130
        RC polled data found in buffer
    End of buffer not reached : number of resting char = 94
    New polled data structure found at index 177
        Current way polled data found in buffer
    End of buffer not reached : number of resting char = 69
    New polled data structure found at index 200
        Geolocation polled data found in buffer
Polled data sent

Compute polled data
    End of buffer not reached : number of resting char = 269
    New polled data structure found at index 0
        Status polled data found in buffer
    End of buffer not reached : number of resting char = 242
    New polled data structure found at index 27
        IMU polled data found in buffer
    End of buffer not reached : number of resting char = 139
    New polled data structure found at index 130
        RC polled data found in buffer
    End of buffer not reached : number of resting char = 94
    New polled data structure found at index 177
        Current way polled data found in buffer
    End of buffer not reached : number of resting char = 69
    New polled data structure found at index 200
        Geolocation polled data found in buffer
Polled data sent

Compute polled data
    End of buffer not reached : number of resting char = 269
    New polled data structure found at index 0
        Status polled data found in buffer
    End of buffer not reached : number of resting char = 242
    New polled data structure found at index 27
        IMU polled data found in buffer
    End of buffer not reached : number of resting char = 139
    New polled data structure found at index 130
        RC polled data found in buffer
    End of buffer not reached : number of resting char = 94
    New polled data structure found at index 177
        Current way polled data found in buffer
    End of buffer not reached : number of resting char = 69
    New polled data structure found at index 200
        Geolocation polled data found in buffer
Polled data sent

Compute polled data
    End of buffer not reached : number of resting char = 269
    New polled data structure found at index 0
        Status polled data found in buffer
    End of buffer not reached : number of resting char = 242
    New polled data structure found at index 27
        IMU polled data found in buffer
    End of buffer not reached : number of resting char = 139
    New polled data structure found at index 130
        RC polled data found in buffer
    End of buffer not reached : number of resting char = 94
    New polled data structure found at index 177
        Current way polled data found in buffer
    End of buffer not reached : number of resting char = 69
    New polled data structure found at index 200
        Geolocation polled data found in buffer
Polled data sent

Compute polled data
    End of buffer not reached : number of resting char = 269
    New polled data structure found at index 0
        Status polled data found in buffer
    End of buffer not reached : number of resting char = 242
    New polled data structure found at index 27
        IMU polled data found in buffer
    End of buffer not reached : number of resting char = 139
    New polled data structure found at index 130
        RC polled data found in buffer
    End of buffer not reached : number of resting char = 94
    New polled data structure found at index 177
        Current way polled data found in buffer
    End of buffer not reached : number of resting char = 69
    New polled data structure found at index 200
        Geolocation polled data found in buffer
Polled data sent

Compute polled data
    End of buffer not reached : number of resting char = 269
    New polled data structure found at index 0
        Status polled data found in buffer
    End of buffer not reached : number of resting char = 242
    New polled data structure found at index 27
        IMU polled data found in buffer
    End of buffer not reached : number of resting char = 139
    New polled data structure found at index 130
        RC polled data found in buffer
    End of buffer not reached : number of resting char = 94
    New polled data structure found at index 177
        Current way polled data found in buffer
    End of buffer not reached : number of resting char = 69
    New polled data structure found at index 200
        Geolocation polled data found in buffer
Polled data sent

Compute polled data
    End of buffer not reached : number of resting char = 269
    New polled data structure found at index 0
        Status polled data found in buffer
    End of buffer not reached : number of resting char = 242
    New polled data structure found at index 27
        IMU polled data found in buffer
    End of buffer not reached : number of resting char = 139
    New polled data structure found at index 130
        RC polled data found in buffer
    End of buffer not reached : number of resting char = 94
    New polled data structure found at index 177
        Current way polled data found in buffer
    End of buffer not reached : number of resting char = 69
    New polled data structure found at index 200
        Geolocation polled data found in buffer
Polled data sent

Compute polled data
    End of buffer not reached : number of resting char = 269
    New polled data structure found at index 0
        Status polled data found in buffer
    End of buffer not reached : number of resting char = 242
    New polled data structure found at index 27
        IMU polled data found in buffer
    End of buffer not reached : number of resting char = 139
    New polled data structure found at index 130
        RC polled data found in buffer
    End of buffer not reached : number of resting char = 94
    New polled data structure found at index 177
        Current way polled data found in buffer
    End of buffer not reached : number of resting char = 69
    New polled data structure found at index 200
        Geolocation polled data found in buffer
Polled data sent

Compute polled data
    End of buffer not reached : number of resting char = 269
    New polled data structure found at index 0
        Status polled data found in buffer
    End of buffer not reached : number of resting char = 242
    New polled data structure found at index 32
        IMU polled data found in buffer
    End of buffer not reached : number of resting char = 134
    New polled data structure found at index 135
        RC polled data found in buffer
    End of buffer not reached : number of resting char = 89
    New polled data structure found at index 182
        Current way polled data found in buffer
    End of buffer not reached : number of resting char = 64
    New polled data structure found at index 205
        Unknown polled data type found in buffer
    End of buffer not reached : number of resting char = 53
Polled data sent

Compute polled data
    End of buffer not reached : number of resting char = 269
Command acknowledge received
    End of buffer not reached : number of resting char = 264
    New polled data structure found at index 5
        Status polled data found in buffer
    End of buffer not reached : number of resting char = 237
    New polled data structure found at index 130
        RC polled data found in buffer
    End of buffer not reached : number of resting char = 94
    New polled data structure found at index 177
        Current way polled data found in buffer
    End of buffer not reached : number of resting char = 69
    New polled data structure found at index 200
        Geolocation polled data found in buffer
Polled data sent

Compute polled data
    End of buffer not reached : number of resting char = 269
    New polled data structure found at index 0
        Status polled data found in buffer
    End of buffer not reached : number of resting char = 242
    New polled data structure found at index 27
        IMU polled data found in buffer
    End of buffer not reached : number of resting char = 139
    New polled data structure found at index 130
        RC polled data found in buffer
    End of buffer not reached : number of resting char = 94
    New polled data structure found at index 177
        Current way polled data found in buffer
    End of buffer not reached : number of resting char = 69
    New polled data structure found at index 200
        Geolocation polled data found in buffer
Polled data sent

Compute polled data
    End of buffer not reached : number of resting char = 269
    New polled data structure found at index 0
        Status polled data found in buffer
    End of buffer not reached : number of resting char = 242
    New polled data structure found at index 27
        IMU polled data found in buffer
    End of buffer not reached : number of resting char = 139
    New polled data structure found at index 130
        RC polled data found in buffer
    End of buffer not reached : number of resting char = 94
    New polled data structure found at index 177
        Current way polled data found in buffer
    End of buffer not reached : number of resting char = 69
    New polled data structure found at index 200
        Geolocation polled data found in buffer
Polled data sent

Compute polled data
    End of buffer not reached : number of resting char = 269
    New polled data structure found at index 0
        Status polled data found in buffer
    End of buffer not reached : number of resting char = 242
    New polled data structure found at index 27
        IMU polled data found in buffer
    End of buffer not reached : number of resting char = 139
    New polled data structure found at index 130
        RC polled data found in buffer
    End of buffer not reached : number of resting char = 94
    New polled data structure found at index 177
        Current way polled data found in buffer
    End of buffer not reached : number of resting char = 69
    New polled data structure found at index 200
        Geolocation polled data found in buffer
Polled data sent

Compute polled data
    End of buffer not reached : number of resting char = 269
    New polled data structure found at index 0
        Status polled data found in buffer
    End of buffer not reached : number of resting char = 242
    New polled data structure found at index 27
        IMU polled data found in buffer
    End of buffer not reached : number of resting char = 139
    New polled data structure found at index 130
        RC polled data found in buffer
    End of buffer not reached : number of resting char = 94
    New polled data structure found at index 178
        Current way polled data found in buffer
    End of buffer not reached : number of resting char = 68
    New polled data structure found at index 201
        Geolocation polled data found in buffer
Polled data sent

Compute polled data
    End of buffer not reached : number of resting char = 269
    New polled data structure found at index 0
        Status polled data found in buffer
    End of buffer not reached : number of resting char = 242
    New polled data structure found at index 27
        IMU polled data found in buffer
    End of buffer not reached : number of resting char = 139
    New polled data structure found at index 130
        RC polled data found in buffer
    End of buffer not reached : number of resting char = 94
    New polled data structure found at index 177
        Current way polled data found in buffer
    End of buffer not reached : number of resting char = 69
    New polled data structure found at index 200
        Geolocation polled data found in buffer
Polled data sent

Compute polled data
    End of buffer not reached : number of resting char = 269
    New polled data structure found at index 0
        Status polled data found in buffer
    End of buffer not reached : number of resting char = 242
    New polled data structure found at index 27
        IMU polled data found in buffer
    End of buffer not reached : number of resting char = 139
    New polled data structure found at index 130
        RC polled data found in buffer
    End of buffer not reached : number of resting char = 94
    New polled data structure found at index 177
        Current way polled data found in buffer
    End of buffer not reached : number of resting char = 69
    New polled data structure found at index 200
        Geolocation polled data found in buffer
Polled data sent

Compute polled data
    End of buffer not reached : number of resting char = 269
    New polled data structure found at index 0
        Status polled data found in buffer
    End of buffer not reached : number of resting char = 242
    New polled data structure found at index 27
        IMU polled data found in buffer
    End of buffer not reached : number of resting char = 139
    New polled data structure found at index 130
        RC polled data found in buffer
    End of buffer not reached : number of resting char = 94
    New polled data structure found at index 177
        Current way polled data found in buffer
    End of buffer not reached : number of resting char = 69
    New polled data structure found at index 200
        Geolocation polled data found in buffer
Polled data sent

Compute polled data
    End of buffer not reached : number of resting char = 269
    New polled data structure found at index 0
        Status polled data found in buffer
    End of buffer not reached : number of resting char = 242
    New polled data structure found at index 27
        IMU polled data found in buffer
    End of buffer not reached : number of resting char = 139
    New polled data structure found at index 130
        RC polled data found in buffer
    End of buffer not reached : number of resting char = 94
    New polled data structure found at index 177
        Current way polled data found in buffer
    End of buffer not reached : number of resting char = 69
    New polled data structure found at index 200
        Geolocation polled data found in buffer
Polled data sent

Compute polled data
    End of buffer not reached : number of resting char = 269
    New polled data structure found at index 0
        Status polled data found in buffer
    End of buffer not reached : number of resting char = 242
    New polled data structure found at index 27
        IMU polled data found in buffer
    End of buffer not reached : number of resting char = 139
    New polled data structure found at index 130
        RC polled data found in buffer
    End of buffer not reached : number of resting char = 94
    New polled data structure found at index 177
        Current way polled data found in buffer
    End of buffer not reached : number of resting char = 69
    New polled data structure found at index 200
        Geolocation polled data found in buffer
Polled data sent

Compute polled data
    End of buffer not reached : number of resting char = 269
    New polled data structure found at index 0
        Status polled data found in buffer
    End of buffer not reached : number of resting char = 242
    New polled data structure found at index 27
        IMU polled data found in buffer
    End of buffer not reached : number of resting char = 139
    New polled data structure found at index 130
        RC polled data found in buffer
    End of buffer not reached : number of resting char = 94
    New polled data structure found at index 177
        Current way polled data found in buffer
    End of buffer not reached : number of resting char = 69
    New polled data structure found at index 200
        Geolocation polled data found in buffer
Polled data sent

Compute polled data
    End of buffer not reached : number of resting char = 269
    New polled data structure found at index 0
        Status polled data found in buffer
    End of buffer not reached : number of resting char = 242
    New polled data structure found at index 27
        IMU polled data found in buffer
    End of buffer not reached : number of resting char = 139
    New polled data structure found at index 130
        RC polled data found in buffer
    End of buffer not reached : number of resting char = 94
    New polled data structure found at index 177
        Current way polled data found in buffer
    End of buffer not reached : number of resting char = 69
    New polled data structure found at index 200
        Geolocation polled data found in buffer
Polled data sent

Compute polled data
    End of buffer not reached : number of resting char = 269
    New polled data structure found at index 0
        Status polled data found in buffer
    End of buffer not reached : number of resting char = 242
    New polled data structure found at index 27
        IMU polled data found in buffer
    End of buffer not reached : number of resting char = 139
    New polled data structure found at index 130
        RC polled data found in buffer
    End of buffer not reached : number of resting char = 94
    New polled data structure found at index 177
        Current way polled data found in buffer
    End of buffer not reached : number of resting char = 69
    New polled data structure found at index 200
        Geolocation polled data found in buffer
Polled data sent

Compute polled data
    End of buffer not reached : number of resting char = 269
    New polled data structure found at index 0
        Status polled data found in buffer
    End of buffer not reached : number of resting char = 242
    New polled data structure found at index 27
        IMU polled data found in buffer
    End of buffer not reached : number of resting char = 139
    New polled data structure found at index 130
        RC polled data found in buffer
    End of buffer not reached : number of resting char = 94
    New polled data structure found at index 177
        Current way polled data found in buffer
    End of buffer not reached : number of resting char = 69
    New polled data structure found at index 200
        Geolocation polled data found in buffer
Polled data sent
